<?xml version="1.0" encoding="UTF-8"?>
<!-- Generated by org.testng.reporters.JUnitReportReporter -->
<testsuite hostname="DESKTOP-I2L0ULI" failures="0" tests="1" name="firstclass.TestThree" time="6.319" errors="0" timestamp="2024-01-25T13:50:19 IST" skipped="0">
  <testcase classname="firstclass.TestThree" name="testThree" time="6.319"/>
</testsuite> <!-- firstclass.TestThree -->
