<?xml version="1.0" encoding="UTF-8"?>
<!-- Generated by org.testng.reporters.JUnitReportReporter -->
<testsuite hostname="DESKTOP-I2L0ULI" failures="0" tests="1" name="firstclass.TwoTest" time="12.105" errors="0" timestamp="2024-01-29T18:44:25 IST" skipped="0">
  <testcase classname="firstclass.TwoTest" name="testTwo" time="12.105"/>
</testsuite> <!-- firstclass.TwoTest -->
